0 info it worked if it ends with ok
1 verbose cli [ '/Users/charlieschwabacher/.nvm/versions/io.js/v1.6.3/bin/iojs',
1 verbose cli   '/Users/charlieschwabacher/.nvm/versions/io.js/v1.6.3/bin/npm',
1 verbose cli   'version',
1 verbose cli   'patch' ]
2 info using npm@2.7.4
3 info using node@v1.6.3
4 info git [ 'status', '--porcelain' ]
5 verbose stack Error: Git working directory not clean.
5 verbose stack M package.json
5 verbose stack M public/index.html
5 verbose stack M public/index.js
5 verbose stack D public/style.css
5 verbose stack M server.js
5 verbose stack M src/index.js
5 verbose stack     at /Users/charlieschwabacher/.nvm/versions/io.js/v1.6.3/lib/node_modules/npm/lib/version.js:138:37
5 verbose stack     at /Users/charlieschwabacher/.nvm/versions/io.js/v1.6.3/lib/node_modules/npm/lib/utils/git.js:26:8
5 verbose stack     at ChildProcess.exithandler (child_process.js:707:7)
5 verbose stack     at emitTwo (events.js:87:13)
5 verbose stack     at ChildProcess.emit (events.js:169:7)
5 verbose stack     at maybeClose (child_process.js:984:16)
5 verbose stack     at Socket.<anonymous> (child_process.js:1153:11)
5 verbose stack     at emitOne (events.js:77:13)
5 verbose stack     at Socket.emit (events.js:166:7)
5 verbose stack     at Pipe._onclose (net.js:464:12)
6 verbose cwd /Users/charlieschwabacher/Code/ultrawave-chat-example
7 error Darwin 14.3.0
8 error argv "/Users/charlieschwabacher/.nvm/versions/io.js/v1.6.3/bin/iojs" "/Users/charlieschwabacher/.nvm/versions/io.js/v1.6.3/bin/npm" "version" "patch"
9 error node v1.6.3
10 error npm  v2.7.4
11 error Git working directory not clean.
11 error M package.json
11 error M public/index.html
11 error M public/index.js
11 error D public/style.css
11 error M server.js
11 error M src/index.js
12 error If you need help, you may report this error at:
12 error     <https://github.com/npm/npm/issues>
13 verbose exit [ 1, true ]
